[debug] [2024-02-27T02:54:21.014Z] ----------------------------------------------------------------------
[debug] [2024-02-27T02:54:21.015Z] Command:       /usr/local/bin/node /usr/local/bin/firebase init
[debug] [2024-02-27T02:54:21.016Z] CLI Version:   13.3.1
[debug] [2024-02-27T02:54:21.016Z] Platform:      darwin
[debug] [2024-02-27T02:54:21.016Z] Node Version:  v20.11.1
[debug] [2024-02-27T02:54:21.016Z] Time:          Mon Feb 26 2024 21:54:21 GMT-0500 (Eastern Standard Time)
[debug] [2024-02-27T02:54:21.016Z] ----------------------------------------------------------------------
[debug] 
[debug] [2024-02-27T02:54:21.018Z] > command requires scopes: ["email","openid","https://www.googleapis.com/auth/cloudplatformprojects.readonly","https://www.googleapis.com/auth/firebase","https://www.googleapis.com/auth/cloud-platform"]
[debug] [2024-02-27T02:54:21.018Z] > authorizing via signed-in user (vinthagunasekhar@gmail.com)
[info] 
     ######## #### ########  ######## ########     ###     ######  ########
     ##        ##  ##     ## ##       ##     ##  ##   ##  ##       ##
     ######    ##  ########  ######   ########  #########  ######  ######
     ##        ##  ##    ##  ##       ##     ## ##     ##       ## ##
     ##       #### ##     ## ######## ########  ##     ##  ######  ########

You're about to initialize a Firebase project in this directory:

  /Users/guna/crypto_app

[info] 
=== Project Setup
[info] 
[info] First, let's associate this project directory with a Firebase project.
[info] You can create multiple project aliases by running firebase use --add, 
[info] but for now we'll just set up a default project.
[info] 
[info] i  If you want to create a project in a Google Cloud organization or folder, please use "firebase projects:create" instead, and return to this command when you've created the project. 
[debug] [2024-02-27T02:55:55.341Z] >>> [apiv2][query] POST https://cloudresourcemanager.googleapis.com/v1/projects [none]
[debug] [2024-02-27T02:55:55.341Z] >>> [apiv2][body] POST https://cloudresourcemanager.googleapis.com/v1/projects {"projectId":"decentral_app","name":"decentral_app"}
[debug] [2024-02-27T02:55:55.800Z] <<< [apiv2][status] POST https://cloudresourcemanager.googleapis.com/v1/projects 400
[debug] [2024-02-27T02:55:55.800Z] <<< [apiv2][body] POST https://cloudresourcemanager.googleapis.com/v1/projects {"error":{"code":400,"message":"Request contains an invalid argument.","status":"INVALID_ARGUMENT","details":[{"@type":"type.googleapis.com/google.rpc.BadRequest","fieldViolations":[{"field":"project_id","description":"project_id contains invalid characters"},{"field":"display_name","description":"project display name contains invalid characters"}]},{"@type":"type.googleapis.com/google.rpc.Help","links":[{"url":"https://cloud.google.com/resource-manager/reference/rest/v1/projects"}]}]}}
[debug] [2024-02-27T02:55:55.929Z] FirebaseError: HTTP Error: 400, Request contains an invalid argument.
    at responseToError (/usr/local/lib/node_modules/firebase-tools/lib/responseToError.js:49:12)
    at RetryOperation._fn (/usr/local/lib/node_modules/firebase-tools/lib/apiv2.js:292:77)
    at process.processTicksAndRejections (node:internal/process/task_queues:95:5)
[error] 
[error] Error: Failed to create project. See firebase-debug.log for more info.
[debug] [2024-02-27T02:59:51.446Z] ----------------------------------------------------------------------
[debug] [2024-02-27T02:59:51.451Z] Command:       /usr/local/bin/node /usr/local/bin/firebase init
[debug] [2024-02-27T02:59:51.451Z] CLI Version:   13.3.1
[debug] [2024-02-27T02:59:51.451Z] Platform:      darwin
[debug] [2024-02-27T02:59:51.451Z] Node Version:  v20.11.1
[debug] [2024-02-27T02:59:51.452Z] Time:          Mon Feb 26 2024 21:59:51 GMT-0500 (Eastern Standard Time)
[debug] [2024-02-27T02:59:51.452Z] ----------------------------------------------------------------------
[debug] 
[debug] [2024-02-27T02:59:51.453Z] > command requires scopes: ["email","openid","https://www.googleapis.com/auth/cloudplatformprojects.readonly","https://www.googleapis.com/auth/firebase","https://www.googleapis.com/auth/cloud-platform"]
[debug] [2024-02-27T02:59:51.454Z] > authorizing via signed-in user (vinthagunasekhar@gmail.com)
[info] 
     ######## #### ########  ######## ########     ###     ######  ########
     ##        ##  ##     ## ##       ##     ##  ##   ##  ##       ##
     ######    ##  ########  ######   ########  #########  ######  ######
     ##        ##  ##    ##  ##       ##     ## ##     ##       ## ##
     ##       #### ##     ## ######## ########  ##     ##  ######  ########

You're about to initialize a Firebase project in this directory:

  /Users/guna/crypto_app

[info] 
=== Project Setup
[info] 
[info] First, let's associate this project directory with a Firebase project.
[info] You can create multiple project aliases by running firebase use --add, 
[info] but for now we'll just set up a default project.
[info] 
[info] i  If you want to create a project in a Google Cloud organization or folder, please use "firebase projects:create" instead, and return to this command when you've created the project. 
[debug] [2024-02-27T03:00:37.644Z] >>> [apiv2][query] POST https://cloudresourcemanager.googleapis.com/v1/projects [none]
[debug] [2024-02-27T03:00:37.644Z] >>> [apiv2][body] POST https://cloudresourcemanager.googleapis.com/v1/projects {"projectId":"guna_vintha_dc","name":"guna_vintha_dc"}
[debug] [2024-02-27T03:00:37.978Z] <<< [apiv2][status] POST https://cloudresourcemanager.googleapis.com/v1/projects 400
[debug] [2024-02-27T03:00:37.978Z] <<< [apiv2][body] POST https://cloudresourcemanager.googleapis.com/v1/projects {"error":{"code":400,"message":"Request contains an invalid argument.","status":"INVALID_ARGUMENT","details":[{"@type":"type.googleapis.com/google.rpc.BadRequest","fieldViolations":[{"field":"project_id","description":"project_id contains invalid characters"},{"field":"display_name","description":"project display name contains invalid characters"}]},{"@type":"type.googleapis.com/google.rpc.Help","links":[{"url":"https://cloud.google.com/resource-manager/reference/rest/v1/projects"}]}]}}
[debug] [2024-02-27T03:00:38.093Z] FirebaseError: HTTP Error: 400, Request contains an invalid argument.
    at responseToError (/usr/local/lib/node_modules/firebase-tools/lib/responseToError.js:49:12)
    at RetryOperation._fn (/usr/local/lib/node_modules/firebase-tools/lib/apiv2.js:292:77)
    at process.processTicksAndRejections (node:internal/process/task_queues:95:5)
[error] 
[error] Error: Failed to create project. See firebase-debug.log for more info.
